1.000000
1.000000
74.920000
5.830000
22.040000
14.310000
68.110000
72.460000
12.580000
4.720000
90.400000
92.700000
94.500000
97.800000
49.400000
32.840000
50.800000
23.830000
99.700000
54.830000
98.600000
52.800000
66.610000
99.100000
87.590000
99.300000
51.160000
8.020000
66.840000
47.300000
29.510000
99.300000
100.000000
100.000000
100.000000
100.000000
100.000000
100.000000
100.000000
40.780000
6.940000
5.140000
95.100000
99.800000
99.900000
99.900000
99.900000
92.260000
49.540000
99.800000
98.800000
61.050000
6.230000
88.500000
57.070000
6.230000
12.290000
98.700000
98.200000
99.900000
98.500000
99.700000
98.900000
99.900000
72.620000
95.000000
99.100000
99.600000
95.900000
99.800000
96.600000
99.600000
98.200000
96.000000
97.500000
97.000000
77.960000
5.330000
36.260000
76.870000
3.970000
3.450000
1.090000
9.180000
3.070000
87.080000
98.900000
96.600000
36.270000
91.300000
80.640000
32.750000
4.960000
10.070000
82.950000
63.610000
93.200000
59.280000
86.750000
3.740000
25.440000
99.100000
59.410000
99.200000
92.200000
99.800000
100.000000
100.000000
99.000000
98.800000
59.150000
24.560000
28.560000
100.000000
100.000000
93.140000
89.670000
99.800000
96.400000
90.560000
38.740000
56.920000
87.820000
100.000000
99.900000
99.800000
99.100000
99.100000
99.900000
96.720000
100.000000
99.900000
100.000000
41.510000
8.380000
37.860000
52.010000
95.600000
95.900000
62.440000
100.000000
100.000000
100.000000
77.750000
99.000000
96.910000
100.000000
100.000000
24.710000
46.960000
66.610000
68.300000
98.800000
99.900000
91.460000
15.790000
36.230000
22.860000
88.820000
47.210000
31.370000
18.290000
55.980000
60.620000
79.780000
98.300000
98.900000
99.000000
98.600000
40.360000
78.240000
96.500000
97.700000
100.000000
99.700000
99.100000
96.500000
97.500000
52.130000
3.160000
22.730000
64.290000
81.200000
27.980000
95.000000
55.660000
54.420000
91.110000
97.500000
45.870000
92.420000
97.700000
96.300000
100.000000
98.900000
93.900000
94.000000
94.800000
98.000000
97.700000
96.900000
95.600000
97.400000
97.400000
98.000000
94.400000
97.300000
95.400000
98.000000
39.560000
99.200000
78.520000
96.210000
99.100000
78.580000
76.190000
55.470000
10.700000
51.010000
33.310000
66.510000
69.850000
39.920000
95.200000
75.500000
94.400000
83.200000
99.900000
99.000000
99.600000
95.800000
98.100000
97.000000
14.640000
82.040000
42.840000
26.900000
73.160000
94.100000
43.220000
13.700000
24.530000
23.370000
16.030000
18.460000
15.320000
4.020000
5.430000
25.980000
17.600000
9.830000
21.290000
22.060000
11.080000
20.450000
19.500000
19.940000
18.390000
10.540000
5.060000
12.250000
5.740000
13.470000
11.550000
17.040000
28.720000
25.160000
17.920000
6.460000
12.010000
46.410000
11.380000
15.570000
9.930000
13.010000
30.760000
11.630000
19.560000
18.430000
26.420000
10.870000
41.120000
7.090000
57.320000
89.050000
25.120000
37.840000
42.990000
51.840000
60.910000
89.420000
95.400000
98.000000
97.800000
98.400000
95.700000
95.600000
100.000000
100.000000
99.800000
99.100000
31.450000
95.400000
73.210000
96.000000
98.500000
42.010000
77.730000
96.200000
96.600000
99.000000
95.400000
61.870000
42.270000
27.780000
67.760000
94.900000
98.500000
55.250000
44.930000
29.880000
13.260000
11.790000
26.730000
45.500000
61.990000
72.300000
